<?xml version="1.0" encoding="UTF-8"?>
<!-- Generated by org.testng.reporters.JUnitXMLReporter -->
<testsuite ignored="10" hostname="Athira" failures="1" tests="1" name="Default test(failed)" time="0.619" errors="0" timestamp="2024-11-21T08:41:41 IST">
  <testcase classname="com.sevenrmartsupermart.tests.SubCategoryTest" name="verifySubCategoryByDataProvider" time="0.585">
    <failure type="org.testng.internal.reflect.MethodMatcherException" message="
[public void com.sevenrmartsupermart.tests.SubCategoryTest.verifySubCategoryByDataProvider(java.lang.String,java.lang.String)] has no parameters defined but was found to be using a data provider (either explicitly specified or inherited from class level annotation).
Data provider mismatch
Method: verifySubCategoryByDataProvider([java.lang.String arg0, java.lang.String arg1])
Arguments: [null]">
      <![CDATA[org.testng.internal.reflect.MethodMatcherException: 
[public void com.sevenrmartsupermart.tests.SubCategoryTest.verifySubCategoryByDataProvider(java.lang.String,java.lang.String)] has no parameters defined but was found to be using a data provider (either explicitly specified or inherited from class level annotation).
Data provider mismatch
Method: verifySubCategoryByDataProvider([java.lang.String arg0, java.lang.String arg1])
Arguments: [null]
at java.base/java.util.ArrayList.forEach(ArrayList.java:1597)
... Removed 22 stack frames]]>
    </failure>
  </testcase> <!-- verifySubCategoryByDataProvider -->
  <testcase classname="com.sevenrmartsupermart.tests.SubCategoryTest" name="verifyCSSPropertyOfNewIcon" time="0.0">
    <ignored/>
  </testcase> <!-- verifyCSSPropertyOfNewIcon -->
  <testcase classname="com.sevenrmartsupermart.tests.SubCategoryTest" name="subCategoryPageVerification" time="0.0">
    <ignored/>
  </testcase> <!-- subCategoryPageVerification -->
  <testcase classname="com.sevenrmartsupermart.tests.SubCategoryTest" name="verifySearchWithInvalidData" time="0.0">
    <ignored/>
  </testcase> <!-- verifySearchWithInvalidData -->
  <testcase classname="com.sevenrmartsupermart.tests.SubCategoryTest" name="checkResetIconStatus" time="0.0">
    <ignored/>
  </testcase> <!-- checkResetIconStatus -->
  <testcase classname="com.sevenrmartsupermart.tests.SubCategoryTest" name="VerifySearchResult" time="0.0">
    <ignored/>
  </testcase> <!-- VerifySearchResult -->
  <testcase classname="com.sevenrmartsupermart.tests.SubCategoryTest" name="verifySearchButtonStatus" time="0.0">
    <ignored/>
  </testcase> <!-- verifySearchButtonStatus -->
  <testcase classname="com.sevenrmartsupermart.tests.SubCategoryTest" name="verifyCSSPropertyOfSearchButton" time="0.0">
    <ignored/>
  </testcase> <!-- verifyCSSPropertyOfSearchButton -->
  <testcase classname="com.sevenrmartsupermart.tests.SubCategoryTest" name="verificationOfSearchButton" time="0.0">
    <ignored/>
  </testcase> <!-- verificationOfSearchButton -->
  <testcase classname="com.sevenrmartsupermart.tests.SubCategoryTest" name="verifyCSSPropertyOfResetButton" time="0.0">
    <ignored/>
  </testcase> <!-- verifyCSSPropertyOfResetButton -->
  <testcase classname="com.sevenrmartsupermart.tests.SubCategoryTest" name="verifySearchResultMessage" time="0.0">
    <ignored/>
  </testcase> <!-- verifySearchResultMessage -->
</testsuite> <!-- Default test(failed) -->
