<?xml version="1.0" encoding="UTF-8"?>
<!-- Generated by org.testng.reporters.JUnitXMLReporter -->
<testsuite ignored="16" hostname="Athira" failures="0" tests="2" name="logintestgrouping" time="19.835" errors="0" timestamp="2024-11-21T19:56:04 IST">
  <testcase classname="com.sevenrmartsupermart.tests.LoginTest" name="loginWithWrongData" time="1.688"/>
  <testcase classname="com.sevenrmartsupermart.tests.LoginTest" name="verifyAdminUserLogin" time="3.507"/>
  <testcase classname="com.sevenrmartsupermart.tests.HomeTest" name="verifyAdminUserLogin" time="0.0">
    <ignored/>
  </testcase> <!-- verifyAdminUserLogin -->
  <testcase classname="com.sevenrmartsupermart.tests.HomeTest" name="subCategoryVerification" time="0.0">
    <ignored/>
  </testcase> <!-- subCategoryVerification -->
  <testcase classname="com.sevenrmartsupermart.tests.SubCategoryTest" name="verifySearchResultMessage" time="0.0">
    <ignored/>
  </testcase> <!-- verifySearchResultMessage -->
  <testcase classname="com.sevenrmartsupermart.tests.SubCategoryTest" name="verifySearchWithInvalidData" time="0.0">
    <ignored/>
  </testcase> <!-- verifySearchWithInvalidData -->
  <testcase classname="com.sevenrmartsupermart.tests.SubCategoryTest" name="verifyCSSPropertyOfSearchButton" time="0.0">
    <ignored/>
  </testcase> <!-- verifyCSSPropertyOfSearchButton -->
  <testcase classname="com.sevenrmartsupermart.tests.LoginTest" name="checkStatusOfSignInButton" time="0.0">
    <ignored/>
  </testcase> <!-- checkStatusOfSignInButton -->
  <testcase classname="com.sevenrmartsupermart.tests.LoginTest" name="checkStatusOfRememberCheckbox" time="0.0">
    <ignored/>
  </testcase> <!-- checkStatusOfRememberCheckbox -->
  <testcase classname="com.sevenrmartsupermart.tests.SubCategoryTest" name="verifySearchResultByDataProvider" time="0.0">
    <ignored/>
  </testcase> <!-- verifySearchResultByDataProvider -->
  <testcase classname="com.sevenrmartsupermart.tests.SubCategoryTest" name="verificationOfSearchButton" time="0.0">
    <ignored/>
  </testcase> <!-- verificationOfSearchButton -->
  <testcase classname="com.sevenrmartsupermart.tests.SubCategoryTest" name="checkResetIconStatus" time="0.0">
    <ignored/>
  </testcase> <!-- checkResetIconStatus -->
  <testcase classname="com.sevenrmartsupermart.tests.SubCategoryTest" name="verifyCSSPropertyOfResetButton" time="0.0">
    <ignored/>
  </testcase> <!-- verifyCSSPropertyOfResetButton -->
  <testcase classname="com.sevenrmartsupermart.tests.LoginTest" name="verifyLoginWithoutParameter" time="0.0">
    <ignored/>
  </testcase> <!-- verifyLoginWithoutParameter -->
  <testcase classname="com.sevenrmartsupermart.tests.SubCategoryTest" name="VerifySearchResult" time="0.0">
    <ignored/>
  </testcase> <!-- VerifySearchResult -->
  <testcase classname="com.sevenrmartsupermart.tests.SubCategoryTest" name="verifySearchButtonStatus" time="0.0">
    <ignored/>
  </testcase> <!-- verifySearchButtonStatus -->
  <testcase classname="com.sevenrmartsupermart.tests.SubCategoryTest" name="verifyCSSPropertyOfNewIcon" time="0.0">
    <ignored/>
  </testcase> <!-- verifyCSSPropertyOfNewIcon -->
  <testcase classname="com.sevenrmartsupermart.tests.SubCategoryTest" name="subCategoryPageVerification" time="0.0">
    <ignored/>
  </testcase> <!-- subCategoryPageVerification -->
</testsuite> <!-- logintestgrouping -->
