<?xml version="1.0" encoding="UTF-8"?>
<!-- Generated by org.testng.reporters.JUnitXMLReporter -->
<testsuite ignored="13" hostname="Athira" failures="0" tests="1" name="Default test" time="6.355" errors="0" timestamp="2024-11-27T19:07:58 IST">
  <testcase classname="com.sevenrmartsupermart.tests.SubCategoryTest" name="verifyNamesInSubCategoryList" time="1.615"/>
  <testcase classname="com.sevenrmartsupermart.tests.SubCategoryTest" name="verifySearchWithInvalidData" time="0.0">
    <ignored/>
  </testcase> <!-- verifySearchWithInvalidData -->
  <testcase classname="com.sevenrmartsupermart.tests.SubCategoryTest" name="verificationOfSearchButton" time="0.0">
    <ignored/>
  </testcase> <!-- verificationOfSearchButton -->
  <testcase classname="com.sevenrmartsupermart.tests.SubCategoryTest" name="verifySearchResultMessage" time="0.0">
    <ignored/>
  </testcase> <!-- verifySearchResultMessage -->
  <testcase classname="com.sevenrmartsupermart.tests.SubCategoryTest" name="createNewSubCategory" time="0.0">
    <ignored/>
  </testcase> <!-- createNewSubCategory -->
  <testcase classname="com.sevenrmartsupermart.tests.SubCategoryTest" name="verifyCSSPropertyOfNewIcon" time="0.0">
    <ignored/>
  </testcase> <!-- verifyCSSPropertyOfNewIcon -->
  <testcase classname="com.sevenrmartsupermart.tests.SubCategoryTest" name="createNewSubCategoryWithImage" time="0.0">
    <ignored/>
  </testcase> <!-- createNewSubCategoryWithImage -->
  <testcase classname="com.sevenrmartsupermart.tests.SubCategoryTest" name="VerifySearchResult" time="0.0">
    <ignored/>
  </testcase> <!-- VerifySearchResult -->
  <testcase classname="com.sevenrmartsupermart.tests.SubCategoryTest" name="checkResetIconStatus" time="0.0">
    <ignored/>
  </testcase> <!-- checkResetIconStatus -->
  <testcase classname="com.sevenrmartsupermart.tests.SubCategoryTest" name="verifySearchButtonStatus" time="0.0">
    <ignored/>
  </testcase> <!-- verifySearchButtonStatus -->
  <testcase classname="com.sevenrmartsupermart.tests.SubCategoryTest" name="verifyCSSPropertyOfSearchButton" time="0.0">
    <ignored/>
  </testcase> <!-- verifyCSSPropertyOfSearchButton -->
  <testcase classname="com.sevenrmartsupermart.tests.SubCategoryTest" name="verifySearchResultByDataProvider" time="0.0">
    <ignored/>
  </testcase> <!-- verifySearchResultByDataProvider -->
  <testcase classname="com.sevenrmartsupermart.tests.SubCategoryTest" name="verifyCSSPropertyOfResetButton" time="0.0">
    <ignored/>
  </testcase> <!-- verifyCSSPropertyOfResetButton -->
  <testcase classname="com.sevenrmartsupermart.tests.SubCategoryTest" name="verifyStatusOfSerchResult" time="0.0">
    <ignored/>
  </testcase> <!-- verifyStatusOfSerchResult -->
</testsuite> <!-- Default test -->
