<?xml version="1.0" encoding="UTF-8"?>
<!-- Generated by org.testng.reporters.JUnitXMLReporter -->
<testsuite ignored="0" hostname="Athira" failures="0" tests="5" name="logintest" time="20.636" errors="0" timestamp="2024-11-21T11:50:49 IST">
  <testcase classname="com.sevenrmartsupermart.tests.LoginTest" name="checkStatusOfRememberCheckbox" time="0.113"/>
  <testcase classname="com.sevenrmartsupermart.tests.LoginTest" name="checkStatusOfSignInButton" time="0.093"/>
  <testcase classname="com.sevenrmartsupermart.tests.LoginTest" name="loginWithWrongData" time="0.451"/>
  <testcase classname="com.sevenrmartsupermart.tests.LoginTest" name="verifyAdminUserLogin" time="1.965"/>
  <testcase classname="com.sevenrmartsupermart.tests.LoginTest" name="verifyLoginWithoutParameter" time="0.727"/>
</testsuite> <!-- logintest -->
