<?xml version="1.0" encoding="UTF-8"?>
<!-- Generated by org.testng.reporters.JUnitXMLReporter -->
<testsuite ignored="0" hostname="Athira" failures="0" tests="10" name="subcategorytest" time="40.191" errors="0" timestamp="2024-11-21T11:36:25 IST">
  <testcase classname="com.sevenrmartsupermart.tests.SubCategoryTest" name="VerifySearchResult" time="3.531"/>
  <testcase classname="com.sevenrmartsupermart.tests.SubCategoryTest" name="checkResetIconStatus" time="1.009"/>
  <testcase classname="com.sevenrmartsupermart.tests.SubCategoryTest" name="subCategoryPageVerification" time="1.593"/>
  <testcase classname="com.sevenrmartsupermart.tests.SubCategoryTest" name="verificationOfSearchButton" time="1.633"/>
  <testcase classname="com.sevenrmartsupermart.tests.SubCategoryTest" name="verifyCSSPropertyOfNewIcon" time="0.879"/>
  <testcase classname="com.sevenrmartsupermart.tests.SubCategoryTest" name="verifyCSSPropertyOfResetButton" time="0.948"/>
  <testcase classname="com.sevenrmartsupermart.tests.SubCategoryTest" name="verifyCSSPropertyOfSearchButton" time="0.94"/>
  <testcase classname="com.sevenrmartsupermart.tests.SubCategoryTest" name="verifySearchButtonStatus" time="0.822"/>
  <testcase classname="com.sevenrmartsupermart.tests.SubCategoryTest" name="verifySearchResultMessage" time="1.395"/>
  <testcase classname="com.sevenrmartsupermart.tests.SubCategoryTest" name="verifySearchWithInvalidData" time="1.321"/>
</testsuite> <!-- subcategorytest -->
