<?xml version="1.0" encoding="UTF-8"?>
<testng-results ignored="13" total="14" passed="1" failed="0" skipped="0">
  <reporter-output>
  </reporter-output>
  <suite started-at="2024-11-27T19:07:52 IST" name="Default suite" finished-at="2024-11-27T19:07:58 IST" duration-ms="6355">
    <groups>
    </groups>
    <test started-at="2024-11-27T19:07:52 IST" name="Default test" finished-at="2024-11-27T19:07:58 IST" duration-ms="6355">
      <class name="com.sevenrmartsupermart.tests.SubCategoryTest">
        <test-method is-config="true" signature="launcheBrower()[pri:0, instance:com.sevenrmartsupermart.tests.SubCategoryTest@5c80cf32]" started-at="2024-11-27T19:07:52 IST" name="launcheBrower" finished-at="2024-11-27T19:07:56 IST" duration-ms="4487" status="PASS">
          <reporter-output>
          </reporter-output>
        </test-method> <!-- launcheBrower -->
        <test-method signature="verifyNamesInSubCategoryList()[pri:0, instance:com.sevenrmartsupermart.tests.SubCategoryTest@5c80cf32]" started-at="2024-11-27T19:07:56 IST" name="verifyNamesInSubCategoryList" finished-at="2024-11-27T19:07:58 IST" duration-ms="1615" status="PASS">
          <reporter-output>
          </reporter-output>
        </test-method> <!-- verifyNamesInSubCategoryList -->
        <test-method is-config="true" signature="terminateBrowser(org.testng.ITestResult)[pri:0, instance:com.sevenrmartsupermart.tests.SubCategoryTest@5c80cf32]" started-at="2024-11-27T19:07:58 IST" name="terminateBrowser" finished-at="2024-11-27T19:07:58 IST" duration-ms="182" status="PASS">
          <params>
            <param index="0">
              <value>
                <![CDATA[[TestResult name=verifyNamesInSubCategoryList status=SUCCESS method=SubCategoryTest.verifyNamesInSubCategoryList()[pri:0, instance:com.sevenrmartsupermart.tests.SubCategoryTest@5c80cf32] output={null}]]]>
              </value>
            </param>
          </params>
          <reporter-output>
          </reporter-output>
        </test-method> <!-- terminateBrowser -->
      </class> <!-- com.sevenrmartsupermart.tests.SubCategoryTest -->
    </test> <!-- Default test -->
  </suite> <!-- Default suite -->
</testng-results>
